2019-02-25T14:10:58.536-0800 I CONTROL  [main] Automatically disabling TLS 1.0, to force-enable TLS 1.0 specify --sslDisabledProtocols 'none'
2019-02-25T14:10:58.545-0800 I CONTROL  [main] Trying to start Windows service 'MongoDB'
2019-02-25T14:10:58.547-0800 I CONTROL  [initandlisten] MongoDB starting : pid=12916 port=27017 dbpath=C:\Program Files\MongoDB\Server\4.0\data 64-bit host=DESKTOP-2SCVGVH
2019-02-25T14:10:58.547-0800 I CONTROL  [initandlisten] targetMinOS: Windows 7/Windows Server 2008 R2
2019-02-25T14:10:58.547-0800 I CONTROL  [initandlisten] db version v4.0.6
2019-02-25T14:10:58.548-0800 I CONTROL  [initandlisten] git version: caa42a1f75a56c7643d0b68d3880444375ec42e3
2019-02-25T14:10:58.548-0800 I CONTROL  [initandlisten] allocator: tcmalloc
2019-02-25T14:10:58.548-0800 I CONTROL  [initandlisten] modules: none
2019-02-25T14:10:58.548-0800 I CONTROL  [initandlisten] build environment:
2019-02-25T14:10:58.548-0800 I CONTROL  [initandlisten]     distmod: 2008plus-ssl
2019-02-25T14:10:58.548-0800 I CONTROL  [initandlisten]     distarch: x86_64
2019-02-25T14:10:58.548-0800 I CONTROL  [initandlisten]     target_arch: x86_64
2019-02-25T14:10:58.549-0800 I CONTROL  [initandlisten] options: { config: "C:\Program Files\MongoDB\Server\4.0\bin\mongod.cfg", net: { bindIp: "127.0.0.1", port: 27017 }, service: true, storage: { dbPath: "C:\Program Files\MongoDB\Server\4.0\data", journal: { enabled: true } }, systemLog: { destination: "file", logAppend: true, path: "C:\Program Files\MongoDB\Server\4.0\log\mongod.log" } }
2019-02-25T14:10:58.563-0800 I STORAGE  [initandlisten] wiredtiger_open config: create,cache_size=3561M,session_max=20000,eviction=(threads_min=4,threads_max=4),config_base=false,statistics=(fast),log=(enabled=true,archive=true,path=journal,compressor=snappy),file_manager=(close_idle_time=100000),statistics_log=(wait=0),verbose=(recovery_progress),
2019-02-25T14:10:58.630-0800 I STORAGE  [initandlisten] WiredTiger message [1551132658:630646][12916:140713573964512], txn-recover: Set global recovery timestamp: 0
2019-02-25T14:10:58.644-0800 I RECOVERY [initandlisten] WiredTiger recoveryTimestamp. Ts: Timestamp(0, 0)
2019-02-25T14:10:58.690-0800 I CONTROL  [initandlisten] 
2019-02-25T14:10:58.691-0800 I CONTROL  [initandlisten] ** WARNING: Access control is not enabled for the database.
2019-02-25T14:10:58.691-0800 I CONTROL  [initandlisten] **          Read and write access to data and configuration is unrestricted.
2019-02-25T14:10:58.691-0800 I CONTROL  [initandlisten] 
2019-02-25T14:10:58.692-0800 I STORAGE  [initandlisten] createCollection: admin.system.version with provided UUID: 113a23b4-bd9c-4670-894c-ad622b84892d
2019-02-25T14:10:58.713-0800 I COMMAND  [initandlisten] setting featureCompatibilityVersion to 4.0
2019-02-25T14:10:58.720-0800 I STORAGE  [initandlisten] createCollection: local.startup_log with generated UUID: 3b78cf6d-51e9-4b80-b8a3-9e5eba58e236
2019-02-25T14:10:59.921-0800 I FTDC     [initandlisten] Initializing full-time diagnostic data capture with directory 'C:/Program Files/MongoDB/Server/4.0/data/diagnostic.data'
2019-02-25T14:10:59.930-0800 I STORAGE  [LogicalSessionCacheRefresh] createCollection: config.system.sessions with generated UUID: 2289900d-9276-405c-837f-5eb8c09802e2
2019-02-25T14:10:59.930-0800 I NETWORK  [initandlisten] waiting for connections on port 27017
2019-02-25T14:10:59.930-0800 I STORAGE  [initandlisten] Service running
2019-02-25T14:10:59.955-0800 I INDEX    [LogicalSessionCacheRefresh] build index on: config.system.sessions properties: { v: 2, key: { lastUse: 1 }, name: "lsidTTLIndex", ns: "config.system.sessions", expireAfterSeconds: 1800 }
2019-02-25T14:10:59.955-0800 I INDEX    [LogicalSessionCacheRefresh] 	 building index using bulk method; build may temporarily use up to 500 megabytes of RAM
2019-02-25T14:10:59.961-0800 I INDEX    [LogicalSessionCacheRefresh] build index done.  scanned 0 total records. 0 secs
2019-02-25T14:28:21.347-0800 I NETWORK  [listener] connection accepted from 127.0.0.1:53035 #1 (1 connection now open)
2019-02-25T14:28:21.353-0800 I NETWORK  [conn1] received client metadata from 127.0.0.1:53035 conn1: { driver: { name: "nodejs", version: "3.1.13" }, os: { type: "Windows_NT", name: "win32", architecture: "x64", version: "10.0.17763" }, platform: "Node.js v10.15.1, LE, mongodb-core: 3.1.11" }
2019-02-25T14:28:21.361-0800 I NETWORK  [conn1] end connection 127.0.0.1:53035 (0 connections now open)
